make[1]: Entering directory '/home/dj/kernel_rockchip_linux/out'
  GEN     ./Makefile
scripts/kconfig/conf  --silentoldconfig Kconfig
  CHK     include/config/kernel.release
  GEN     ./Makefile
  CHK     include/generated/uapi/linux/version.h
  Using .. as source for kernel
grep: include/linux/mali/mali_utgard_uk_types.h: No such file or directory
  CHK     include/generated/utsrelease.h
  CHK     scripts/mod/devicetable-offsets.h
  CHK     include/generated/timeconst.h
  CHK     include/generated/bounds.h
  CHK     include/generated/asm-offsets.h
  CALL    ../scripts/checksyscalls.sh
make[2]: 'include/generated/vdso-offsets.h' is up to date.
  CHK     include/generated/compile.h
  DTC     arch/arm64/boot/dts/rockchip/rk3399-box-808-android-6.0.dtb
  DTC     arch/arm64/boot/dts/rockchip/rk3399-box-rev1-android-6.0.dtb
  DTC     arch/arm64/boot/dts/rockchip/rk3399-box-rev1-disvr.dtb
  GZIP    kernel/config_data.gz
  DTC     arch/arm64/boot/dts/rockchip/rk3399-box-rev1.dtb
  DTC     arch/arm64/boot/dts/rockchip/rk3399-box-rev2-android-6.0.dtb
  CHK     kernel/config_data.h
  DTC     arch/arm64/boot/dts/rockchip/rk3399-box-rev2-disvr.dtb
  DTC     arch/arm64/boot/dts/rockchip/rk3399-box-rev2.dtb
  DTC     arch/arm64/boot/dts/rockchip/rk3399-disvr-android.dtb
  DTC     arch/arm64/boot/dts/rockchip/rk3399-evb-ind-lpddr4-android.dtb
  DTC     arch/arm64/boot/dts/rockchip/rk3399-evb-ind-lpddr4-linux.dtb
  DTC     arch/arm64/boot/dts/rockchip/rk3399-evb-rev1-android-6.0.dtb
grep: include/linux/mali/mali_utgard_uk_types.h: No such file or directory
  DTC     arch/arm64/boot/dts/rockchip/rk3399-evb-rev1-android.dtb
  DTC     arch/arm64/boot/dts/rockchip/rk3399-evb-rev1-cros.dtb
  DTC     arch/arm64/boot/dts/rockchip/rk3399-evb-rev2-android-6.0.dtb
  DTC     arch/arm64/boot/dts/rockchip/rk3399-evb-rev2-android.dtb
  DTC     arch/arm64/boot/dts/rockchip/rk3399-evb-rev2-cros.dtb
  DTC     arch/arm64/boot/dts/rockchip/rk3399-evb-rev3-android-6.0.dtb
  DTC     arch/arm64/boot/dts/rockchip/rk3399-evb-rev3-android-6.0-edp.dtb
  DTC     arch/arm64/boot/dts/rockchip/rk3399-evb-rev3-android.dtb
  DTC     arch/arm64/boot/dts/rockchip/rk3399-evb-rev3-android-edp.dtb
  DTC     arch/arm64/boot/dts/rockchip/rk3399-evb-rev3-android-lp4.dtb
  DTC     arch/arm64/boot/dts/rockchip/rk3399-evb-rev3-android-mipi-edp.dtb
  DTC     arch/arm64/boot/dts/rockchip/rk3399-evb-rev3-cros.dtb
  DTC     arch/arm64/boot/dts/rockchip/rk3399-firefly-android.dtb
  DTC     arch/arm64/boot/dts/rockchip/rk3399-firefly-linux.dtb
  DTC     arch/arm64/boot/dts/rockchip/rk3399-fpga.dtb
  DTC     arch/arm64/boot/dts/rockchip/rk3399-gru-gru.dtb
  DTC     arch/arm64/boot/dts/rockchip/rk3399-gru-kevin-r0.dtb
  DTC     arch/arm64/boot/dts/rockchip/rk3399-gru-kevin-r1.dtb
  DTC     arch/arm64/boot/dts/rockchip/rk3399-mid-818-android-6.0.dtb
  DTC     arch/arm64/boot/dts/rockchip/rk3399-mid-818-android.dtb
  DTC     arch/arm64/boot/dts/rockchip/rk3399-rock960-ab.dtb
  DTC     arch/arm64/boot/dts/rockchip/rk3399-rock-pi-4a.dtb
  DTC     arch/arm64/boot/dts/rockchip/rk3399-rock-pi-4b.dtb
  DTC     arch/arm64/boot/dts/rockchip/rk3399-rock-pi-4c.dtb
  DTC     arch/arm64/boot/dts/rockchip/rk3399-rockpro64.dtb
  DTC     arch/arm64/boot/dts/rockchip/rk3399-rv1-android.dtb
  DTC     arch/arm64/boot/dts/rockchip/rk3399-sapphire-excavator-box-android-6.0.dtb
  DTC     arch/arm64/boot/dts/rockchip/rk3399-sapphire-excavator-box.dtb
  DTC     arch/arm64/boot/dts/rockchip/rk3399-sapphire-excavator-disvr.dtb
  DTC     arch/arm64/boot/dts/rockchip/rk3399-sapphire-excavator-edp-android-6.0.dtb
  DTC     arch/arm64/boot/dts/rockchip/rk3399-sapphire-excavator-edp.dtb
  DTC     arch/arm64/boot/dts/rockchip/rk3399-sapphire-excavator-edp-avb.dtb
  DTC     arch/arm64/boot/dts/rockchip/rk3399-sapphire-excavator-edp-avb-rk1608.dtb
  DTC     arch/arm64/boot/dts/rockchip/rk3399-sapphire-excavator-linux.dtb
  DTC     arch/arm64/boot/dts/rockchip/rk3399-sapphire-excavator-lp4-linux.dtb
  DTC     arch/arm64/boot/dts/rockchip/rk3399-sapphire-excavator-v10-linux.dtb
  DTC     arch/arm64/boot/dts/rockchip/rk3399-sapphire-excavator-linux-for-rk1808-cascade.dtb
  DTC     arch/arm64/boot/dts/rockchip/rk3399-tve1030g.dtb
  DTC     arch/arm64/boot/dts/rockchip/rk3399-tve1030g-avb.dtb
  DTC     arch/arm64/boot/dts/rockchip/rk3399-tve1205g.dtb
  DTC     arch/arm64/boot/dts/rockchip/rk3399-videostrong-linux.dtb
  DTC     arch/arm64/boot/dts/rockchip/rk3399-vr-android.dtb
  DTC     arch/arm64/boot/dts/rockchip/ficus-linux.dtb
  DTC     arch/arm64/boot/dts/rockchip/rock960-model-ab-linux.dtb
  DTC     arch/arm64/boot/dts/rockchip/rock960-model-c-linux.dtb
  DTC     arch/arm64/boot/dts/rockchip/rockpi-4a-linux.dtb
  DTC     arch/arm64/boot/dts/rockchip/rockpi-4b-linux.dtb
  DTC     arch/arm64/boot/dts/rockchip/rockpi-4c-linux.dtb
  DTC     arch/arm64/boot/dts/rockchip/rk3399pro-evb-lp4-v11-avb.dtb
  DTC     arch/arm64/boot/dts/rockchip/rk3399pro-evb-lp4-v11-linux.dtb
  DTC     arch/arm64/boot/dts/rockchip/rk3399pro-evb-v10.dtb
  DTC     arch/arm64/boot/dts/rockchip/rk3399pro-evb-v10-avb.dtb
  DTC     arch/arm64/boot/dts/rockchip/rk3399pro-evb-v10-linux.dtb
  DTC     arch/arm64/boot/dts/rockchip/rk3399pro-evb-v11.dtb
  DTC     arch/arm64/boot/dts/rockchip/rk3399pro-evb-v11-linux.dtb
  DTC     arch/arm64/boot/dts/rockchip/rk3399pro-evb-v11-avb.dtb
  DTC     arch/arm64/boot/dts/rockchip/rk3399pro-evb-v13-linux.dtb
  DTC     arch/arm64/boot/dts/rockchip/rk3399pro-evb-v13-multi-cam-avb.dtb
  DTC     arch/arm64/boot/dts/rockchip/rk3399pro-evb-v13-multi-cam.dtb
  DTC     arch/arm64/boot/dts/rockchip/rk3399pro-evb-v14-linux.dtb
  DTC     arch/arm64/boot/dts/rockchip/rk3399pro-evb-v14-multi-cam-avb.dtb
  Building modules, stage 2.
  OBJCOPY arch/arm64/boot/Image
  MODPOST 2 modules
make[1]: Leaving directory '/home/dj/kernel_rockchip_linux/out'
